 p base24.py
gpu数量: 1
使用gpu:  0
之前保存了infer的结果


range(2,10) range(2,10)
        (roll_win, nms_lenth)= (2, 2)
        ap_score是   0.187
        -----------------------------------
        (roll_win, nms_lenth)= (2, 3)
        ap_score是   0.209
        -----------------------------------
        (roll_win, nms_lenth)= (2, 4)
        ap_score是   0.226
        -----------------------------------
        (roll_win, nms_lenth)= (2, 5)
        ap_score是   0.239
        -----------------------------------
        (roll_win, nms_lenth)= (2, 6)
        ap_score是   0.250
        -----------------------------------
        (roll_win, nms_lenth)= (2, 7)
        ap_score是   0.256
        -----------------------------------
        (roll_win, nms_lenth)= (2, 8)
        ap_score是   0.263
        -----------------------------------
        (roll_win, nms_lenth)= (2, 9)
        ap_score是   0.265
        -----------------------------------
        (roll_win, nms_lenth)= (2, 10)
        ap_score是   0.267
        -----------------------------------
        ^[(roll_win, nms_lenth)= (3, 2)
        ap_score是   0.182
        -----------------------------------
        (roll_win, nms_lenth)= (3, 3)
        ap_score是   0.205
        -----------------------------------
        (roll_win, nms_lenth)= (3, 4)
        ap_score是   0.221
        -----------------------------------
        (roll_win, nms_lenth)= (3, 5)
        ap_score是   0.237
        -----------------------------------
        (roll_win, nms_lenth)= (3, 6)
        ap_score是   0.249
        -----------------------------------
        (roll_win, nms_lenth)= (3, 7)
        ap_score是   0.255
        -----------------------------------
        (roll_win, nms_lenth)= (3, 8)
        ap_score是   0.261
        -----------------------------------
        (roll_win, nms_lenth)= (3, 9)
        ap_score是   0.265
        -----------------------------------
        (roll_win, nms_lenth)= (3, 10)
        ap_score是   0.267
        -----------------------------------
        (roll_win, nms_lenth)= (4, 2)
        ap_score是   0.164
        -----------------------------------
        (roll_win, nms_lenth)= (4, 3)
        ap_score是   0.190
        -----------------------------------
        (roll_win, nms_lenth)= (4, 4)
        ap_score是   0.205
        -----------------------------------
        (roll_win, nms_lenth)= (4, 5)
        ap_score是   0.217
        -----------------------------------
        (roll_win, nms_lenth)= (4, 6)
        ap_score是   0.227
        -----------------------------------
        (roll_win, nms_lenth)= (4, 7)
        ap_score是   0.236
        -----------------------------------
        (roll_win, nms_lenth)= (4, 8)
        ap_score是   0.242
        -----------------------------------
        (roll_win, nms_lenth)= (4, 9)
        ap_score是   0.242
        -----------------------------------
        (roll_win, nms_lenth)= (4, 10)
        ap_score是   0.246
        -----------------------------------
        (roll_win, nms_lenth)= (5, 2)
        ap_score是   0.152
        -----------------------------------
        (roll_win, nms_lenth)= (5, 3)
        ap_score是   0.175
        -----------------------------------
        (roll_win, nms_lenth)= (5, 4)
        ap_score是   0.200
        -----------------------------------
        (roll_win, nms_lenth)= (5, 5)
        ap_score是   0.213
        -----------------------------------
        (roll_win, nms_lenth)= (5, 6)
        ap_score是   0.224
        -----------------------------------
        (roll_win, nms_lenth)= (5, 7)
        ap_score是   0.232
        -----------------------------------
        (roll_win, nms_lenth)= (5, 8)
        ap_score是   0.236
        -----------------------------------
        (roll_win, nms_lenth)= (5, 9)
        ap_score是   0.238
        -----------------------------------
        (roll_win, nms_lenth)= (5, 10)
        ap_score是   0.241
        -----------------------------------
        (roll_win, nms_lenth)= (6, 2)
        ap_score是   0.136
        -----------------------------------
        (roll_win, nms_lenth)= (6, 3)
        ap_score是   0.165
        -----------------------------------
        (roll_win, nms_lenth)= (6, 4)
        ap_score是   0.188
        -----------------------------------
        (roll_win, nms_lenth)= (6, 5)
        ap_score是   0.205
        -----------------------------------
        (roll_win, nms_lenth)= (6, 6)
        ap_score是   0.217
        -----------------------------------
        (roll_win, nms_lenth)= (6, 7)
        ap_score是   0.225
        -----------------------------------
        (roll_win, nms_lenth)= (6, 8)
        ap_score是   0.229
        -----------------------------------
        (roll_win, nms_lenth)= (6, 9)
        ap_score是   0.233
        -----------------------------------
        (roll_win, nms_lenth)= (6, 10)
        ap_score是   0.237
        -----------------------------------
        (roll_win, nms_lenth)= (7, 2)
        ap_score是   0.126
        -----------------------------------
        (roll_win, nms_lenth)= (7, 3)
        ap_score是   0.151
        -----------------------------------
        (roll_win, nms_lenth)= (7, 4)
        ap_score是   0.173
        -----------------------------------
        (roll_win, nms_lenth)= (7, 5)
        ap_score是   0.192
        -----------------------------------
        (roll_win, nms_lenth)= (7, 6)
        ap_score是   0.206
        -----------------------------------
        (roll_win, nms_lenth)= (7, 7)
        ap_score是   0.214
        -----------------------------------
        (roll_win, nms_lenth)= (7, 8)
        ap_score是   0.219
        -----------------------------------
        (roll_win, nms_lenth)= (7, 9)
        ap_score是   0.224
        -----------------------------------
        (roll_win, nms_lenth)= (7, 10)
        ap_score是   0.226
        -----------------------------------
        (roll_win, nms_lenth)= (8, 2)
        ap_score是   0.113
        -----------------------------------
        (roll_win, nms_lenth)= (8, 3)
        ap_score是   0.141
        -----------------------------------
        (roll_win, nms_lenth)= (8, 4)
        ap_score是   0.162
        -----------------------------------
        (roll_win, nms_lenth)= (8, 5)
        ap_score是   0.182
        -----------------------------------
        (roll_win, nms_lenth)= (8, 6)
        ap_score是   0.201
        -----------------------------------
        (roll_win, nms_lenth)= (8, 7)
        ap_score是   0.213
        -----------------------------------
        (roll_win, nms_lenth)= (8, 8)
        ap_score是   0.219
        -----------------------------------
        (roll_win, nms_lenth)= (8, 9)
        ap_score是   0.224
        -----------------------------------
        (roll_win, nms_lenth)= (8, 10)
        ap_score是   0.225
        -----------------------------------
        (roll_win, nms_lenth)= (9, 2)
        ap_score是   0.105
        -----------------------------------
        (roll_win, nms_lenth)= (9, 3)
        ap_score是   0.133
        -----------------------------------
        (roll_win, nms_lenth)= (9, 4)
        ap_score是   0.152
        -----------------------------------
        (roll_win, nms_lenth)= (9, 5)
        ap_score是   0.172
        -----------------------------------
        (roll_win, nms_lenth)= (9, 6)
        ap_score是   0.189
        -----------------------------------
        (roll_win, nms_lenth)= (9, 7)
        ap_score是   0.202
        -----------------------------------
        (roll_win, nms_lenth)= (9, 8)
        ap_score是   0.211
        -----------------------------------
        (roll_win, nms_lenth)= (9, 9)
        ap_score是   0.215
        -----------------------------------
        (roll_win, nms_lenth)= (9, 10)
        ap_score是   0.218
        -----------------------------------
        (roll_win, nms_lenth)= (10, 2)
        ap_score是   0.098
        -----------------------------------
        (roll_win, nms_lenth)= (10, 3)
        ap_score是   0.124
        -----------------------------------
        (roll_win, nms_lenth)= (10, 4)
        ap_score是   0.145
        -----------------------------------
        (roll_win, nms_lenth)= (10, 5)
        ap_score是   0.164
        -----------------------------------
        (roll_win, nms_lenth)= (10, 6)
        ap_score是   0.177
        -----------------------------------
        (roll_win, nms_lenth)= (10, 7)
        ap_score是   0.190
        -----------------------------------
        (roll_win, nms_lenth)= (10, 8)
        ap_score是   0.202
        -----------------------------------
        (roll_win, nms_lenth)= (10, 9)
        ap_score是   0.211
        -----------------------------------
        (roll_win, nms_lenth)= (10, 10)
        ap_score是   0.217
        -----------------------------------
        top_ap是   0.267
        top_paraS= [(0.18711203869023474, 2, 2), (0.20880669042339825, 2, 3), (0.22631930450462276, 2, 4), (0.2393386684550042, 2, 5), (0.2502886272278941, 2, 6), (0.2
        559450250392878, 2, 7), (0.2627446087222725, 2, 8), (0.26549681549889986, 2, 9), (0.26656133673493865, 2, 10), (0.26709061306908705, 3, 10)]

range(0,30)  range(0,30)
        (roll_win, nms_lenth)= (0, 0)
        ap_score是   0.006
        -----------------------------------
        (roll_win, nms_lenth)= (0, 1)
        ap_score是   0.012
        -----------------------------------
        (roll_win, nms_lenth)= (0, 2)
        ap_score是   0.019
        -----------------------------------
        (roll_win, nms_lenth)= (0, 3)
        ap_score是   0.025
        -----------------------------------
        (roll_win, nms_lenth)= (0, 4)
        ap_score是   0.031
        -----------------------------------
        (roll_win, nms_lenth)= (0, 5)
        ap_score是   0.037
        -----------------------------------
        (roll_win, nms_lenth)= (0, 6)
        ap_score是   0.042
        -----------------------------------
        (roll_win, nms_lenth)= (0, 7)
        ap_score是   0.049
        -----------------------------------
        (roll_win, nms_lenth)= (0, 8)
        ap_score是   0.053
        -----------------------------------
        (roll_win, nms_lenth)= (0, 9)
        ap_score是   0.055
        -----------------------------------
        (roll_win, nms_lenth)= (0, 10)
        ap_score是   0.054
        -----------------------------------
        (roll_win, nms_lenth)= (0, 11)
        ap_score是   0.056
        -----------------------------------
        (roll_win, nms_lenth)= (0, 12)
        ap_score是   0.058
        -----------------------------------
        (roll_win, nms_lenth)= (0, 13)
        ap_score是   0.060
        -----------------------------------
        (roll_win, nms_lenth)= (0, 14)
        ap_score是   0.053
        -----------------------------------
        (roll_win, nms_lenth)= (0, 15)
        ap_score是   0.054
        -----------------------------------
        (roll_win, nms_lenth)= (0, 16)
        ap_score是   0.056
        -----------------------------------
        (roll_win, nms_lenth)= (0, 17)
        ap_score是   0.057
        -----------------------------------
        (roll_win, nms_lenth)= (0, 18)
        ap_score是   0.058
        -----------------------------------
        (roll_win, nms_lenth)= (0, 19)
        ap_score是   0.057
        -----------------------------------
        (roll_win, nms_lenth)= (0, 20)
        ap_score是   0.057
        -----------------------------------
        (roll_win, nms_lenth)= (0, 21)
        ap_score是   0.049
        -----------------------------------
        (roll_win, nms_lenth)= (0, 22)
        ap_score是   0.043
        -----------------------------------
        (roll_win, nms_lenth)= (0, 23)
        ap_score是   0.043
        -----------------------------------
        (roll_win, nms_lenth)= (0, 24)
        ap_score是   0.042
        -----------------------------------
        (roll_win, nms_lenth)= (0, 25)
        ap_score是   0.042
        -----------------------------------
        (roll_win, nms_lenth)= (0, 26)
        ap_score是   0.032
        -----------------------------------
        (roll_win, nms_lenth)= (0, 27)
        ap_score是   0.032
        -----------------------------------
        (roll_win, nms_lenth)= (0, 28)
        ap_score是   0.032
        -----------------------------------
        (roll_win, nms_lenth)= (0, 29)
        ap_score是   0.032
        -----------------------------------
        (roll_win, nms_lenth)= (1, 0)
        ap_score是   0.131
        -----------------------------------
        (roll_win, nms_lenth)= (1, 1)
        ap_score是   0.185
        -----------------------------------
        (roll_win, nms_lenth)= (1, 2)
        ap_score是   0.215
        -----------------------------------
        (roll_win, nms_lenth)= (1, 3)
        ap_score是   0.236
        -----------------------------------
        (roll_win, nms_lenth)= (1, 4)
        ap_score是   0.250
        -----------------------------------
        (roll_win, nms_lenth)= (1, 5)
        ap_score是   0.264
        -----------------------------------
        (roll_win, nms_lenth)= (1, 6)
        ap_score是   0.276
        -----------------------------------
        (roll_win, nms_lenth)= (1, 7)
        ap_score是   0.281
        -----------------------------------
        (roll_win, nms_lenth)= (1, 8)
        ap_score是   0.287
        -----------------------------------
        (roll_win, nms_lenth)= (1, 9)
        ap_score是   0.289
        -----------------------------------
        (roll_win, nms_lenth)= (1, 10)
        ap_score是   0.291
        -----------------------------------
        (roll_win, nms_lenth)= (1, 11)
        ap_score是   0.289
        -----------------------------------
        (roll_win, nms_lenth)= (1, 12)
        ap_score是   0.289
        -----------------------------------
        (roll_win, nms_lenth)= (1, 13)
        ap_score是   0.289
        -----------------------------------
        (roll_win, nms_lenth)= (1, 14)
        ap_score是   0.289
        -----------------------------------
        (roll_win, nms_lenth)= (1, 15)
        ap_score是   0.290
        -----------------------------------
        (roll_win, nms_lenth)= (1, 16)
        ap_score是   0.291
        -----------------------------------
        (roll_win, nms_lenth)= (1, 17)
        ap_score是   0.287
        -----------------------------------
        (roll_win, nms_lenth)= (1, 18)
        ap_score是   0.284
        -----------------------------------
        (roll_win, nms_lenth)= (1, 19)
        ap_score是   0.284
        -----------------------------------
        (roll_win, nms_lenth)= (1, 20)
        ap_score是   0.284
        -----------------------------------
        (roll_win, nms_lenth)= (1, 21)
        ap_score是   0.280
        -----------------------------------
        (roll_win, nms_lenth)= (1, 22)
        ap_score是   0.275
        -----------------------------------
        (roll_win, nms_lenth)= (1, 23)
        ap_score是   0.257
        -----------------------------------
        (roll_win, nms_lenth)= (1, 24)
        ap_score是   0.255
        -----------------------------------
        (roll_win, nms_lenth)= (1, 25)
        ap_score是   0.253
        -----------------------------------
        (roll_win, nms_lenth)= (1, 26)
        ap_score是   0.251
        -----------------------------------
        (roll_win, nms_lenth)= (1, 27)
        ap_score是   0.251
        -----------------------------------
        (roll_win, nms_lenth)= (1, 28)
        ap_score是   0.248
        -----------------------------------
        (roll_win, nms_lenth)= (1, 29)
        ap_score是   0.246
        -----------------------------------
        (roll_win, nms_lenth)= (2, 0)
        ap_score是   0.095
        -----------------------------------
        (roll_win, nms_lenth)= (2, 1)
        ap_score是   0.158
        -----------------------------------
        (roll_win, nms_lenth)= (2, 2)
        ap_score是   0.187
        -----------------------------------
        (roll_win, nms_lenth)= (2, 3)
        ap_score是   0.209
        -----------------------------------
        (roll_win, nms_lenth)= (2, 4)
        ap_score是   0.226
        -----------------------------------
        (roll_win, nms_lenth)= (2, 5)
        ap_score是   0.239
        -----------------------------------
        (roll_win, nms_lenth)= (2, 6)
        ap_score是   0.250
        -----------------------------------
        (roll_win, nms_lenth)= (2, 7)
        ap_score是   0.256
        -----------------------------------
        (roll_win, nms_lenth)= (2, 8)
        ap_score是   0.263
        -----------------------------------
        (roll_win, nms_lenth)= (2, 9)
        ap_score是   0.265
        -----------------------------------
        (roll_win, nms_lenth)= (2, 10)
        ap_score是   0.267
        -----------------------------------
        (roll_win, nms_lenth)= (2, 11)
        ap_score是   0.271
        -----------------------------------
        (roll_win, nms_lenth)= (2, 12)
        ap_score是   0.275
        -----------------------------------
        (roll_win, nms_lenth)= (2, 13)
        ap_score是   0.275
        -----------------------------------
        (roll_win, nms_lenth)= (2, 14)
        ap_score是   0.276
        -----------------------------------
        (roll_win, nms_lenth)= (2, 15)
        ap_score是   0.277
        -----------------------------------
        (roll_win, nms_lenth)= (2, 16)
        ap_score是   0.276
        -----------------------------------
        (roll_win, nms_lenth)= (2, 17)
        ap_score是   0.274
        -----------------------------------
        (roll_win, nms_lenth)= (2, 18)
        ap_score是   0.270
        -----------------------------------
        (roll_win, nms_lenth)= (2, 19)
        ap_score是   0.269
        -----------------------------------
        (roll_win, nms_lenth)= (2, 20)
        ap_score是   0.267
        -----------------------------------
        (roll_win, nms_lenth)= (2, 21)
        ap_score是   0.268
        -----------------------------------
        (roll_win, nms_lenth)= (2, 22)
        ap_score是   0.261
        -----------------------------------
        (roll_win, nms_lenth)= (2, 23)
        ap_score是   0.247
        -----------------------------------
        (roll_win, nms_lenth)= (2, 24)
        ap_score是   0.246
        -----------------------------------
        (roll_win, nms_lenth)= (2, 25)
        ap_score是   0.242
        -----------------------------------
        (roll_win, nms_lenth)= (2, 26)
        ap_score是   0.239
        -----------------------------------
        (roll_win, nms_lenth)= (2, 27)
        ap_score是   0.235
        -----------------------------------
        (roll_win, nms_lenth)= (2, 28)
        ap_score是   0.234
        -----------------------------------
        (roll_win, nms_lenth)= (2, 29)
        ap_score是   0.233
        -----------------------------------
        (roll_win, nms_lenth)= (3, 0)
        ap_score是   0.082
        -----------------------------------
        (roll_win, nms_lenth)= (3, 1)
        ap_score是   0.141
        -----------------------------------
        (roll_win, nms_lenth)= (3, 2)
        ap_score是   0.182
        -----------------------------------
        (roll_win, nms_lenth)= (3, 3)
        ap_score是   0.205
        -----------------------------------
        (roll_win, nms_lenth)= (3, 4)
        ap_score是   0.221
        -----------------------------------
        (roll_win, nms_lenth)= (3, 5)
        ap_score是   0.237
        -----------------------------------
        (roll_win, nms_lenth)= (3, 6)
        ap_score是   0.249
        -----------------------------------
        (roll_win, nms_lenth)= (3, 7)
        ap_score是   0.255
        -----------------------------------
        (roll_win, nms_lenth)= (3, 8)
        ap_score是   0.261
        -----------------------------------
        (roll_win, nms_lenth)= (3, 9)
        ap_score是   0.265
        -----------------------------------
        (roll_win, nms_lenth)= (3, 10)
        ap_score是   0.267
        -----------------------------------
        (roll_win, nms_lenth)= (3, 11)
        ap_score是   0.268
        -----------------------------------
        (roll_win, nms_lenth)= (3, 12)
        ap_score是   0.273
        -----------------------------------
        (roll_win, nms_lenth)= (3, 13)
        ap_score是   0.272
        -----------------------------------
        (roll_win, nms_lenth)= (3, 14)
        ap_score是   0.273
        -----------------------------------
        (roll_win, nms_lenth)= (3, 15)
        ap_score是   0.271
        -----------------------------------
        (roll_win, nms_lenth)= (3, 16)
        ap_score是   0.272
        -----------------------------------
        (roll_win, nms_lenth)= (3, 17)
        ap_score是   0.271
        -----------------------------------
        (roll_win, nms_lenth)= (3, 18)
        ap_score是   0.267
        -----------------------------------
        (roll_win, nms_lenth)= (3, 19)
        ap_score是   0.265
        -----------------------------------
        (roll_win, nms_lenth)= (3, 20)
        ap_score是   0.263
        -----------------------------------
        (roll_win, nms_lenth)= (3, 21)
        ap_score是   0.262
        -----------------------------------
        (roll_win, nms_lenth)= (3, 22)
        ap_score是   0.246
        -----------------------------------
        (roll_win, nms_lenth)= (3, 23)
        ap_score是   0.245
        -----------------------------------
        (roll_win, nms_lenth)= (3, 24)
        ap_score是   0.231
        -----------------------------------
        (roll_win, nms_lenth)= (3, 25)
        ap_score是   0.229
        -----------------------------------
        (roll_win, nms_lenth)= (3, 26)
        ap_score是   0.228
        -----------------------------------
        (roll_win, nms_lenth)= (3, 27)
        ap_score是   0.225
        -----------------------------------
        (roll_win, nms_lenth)= (3, 28)
        ap_score是   0.222
        -----------------------------------
        (roll_win, nms_lenth)= (3, 29)
        ap_score是   0.220
        -----------------------------------
        (roll_win, nms_lenth)= (4, 0)
        ap_score是   0.072
        -----------------------------------
        (roll_win, nms_lenth)= (4, 1)
        ap_score是   0.126
        -----------------------------------
        (roll_win, nms_lenth)= (4, 2)
        ap_score是   0.164
        -----------------------------------
        (roll_win, nms_lenth)= (4, 3)
        ap_score是   0.190
        -----------------------------------
        (roll_win, nms_lenth)= (4, 4)
        ap_score是   0.205
        -----------------------------------
        (roll_win, nms_lenth)= (4, 5)
        ap_score是   0.217
        -----------------------------------
        (roll_win, nms_lenth)= (4, 6)
        ap_score是   0.227
        -----------------------------------
        (roll_win, nms_lenth)= (4, 7)
        ap_score是   0.236
        -----------------------------------
        (roll_win, nms_lenth)= (4, 8)
        ap_score是   0.242
        -----------------------------------
        (roll_win, nms_lenth)= (4, 9)
        ap_score是   0.242
        -----------------------------------
        (roll_win, nms_lenth)= (4, 10)
        ap_score是   0.246
        -----------------------------------
        (roll_win, nms_lenth)= (4, 11)
        ap_score是   0.249
        -----------------------------------
        (roll_win, nms_lenth)= (4, 12)
        ap_score是   0.252
        -----------------------------------
        (roll_win, nms_lenth)= (4, 13)
        ap_score是   0.254
        -----------------------------------
        (roll_win, nms_lenth)= (4, 14)
        ap_score是   0.253
        -----------------------------------
        (roll_win, nms_lenth)= (4, 15)
        ap_score是   0.256
        -----------------------------------
        (roll_win, nms_lenth)= (4, 16)
        ap_score是   0.254
        -----------------------------------
        (roll_win, nms_lenth)= (4, 17)
        ap_score是   0.252
        -----------------------------------
        (roll_win, nms_lenth)= (4, 18)
        ap_score是   0.249
        -----------------------------------
        (roll_win, nms_lenth)= (4, 19)
        ap_score是   0.248
        -----------------------------------
        (roll_win, nms_lenth)= (4, 20)
        ap_score是   0.245
        -----------------------------------
        (roll_win, nms_lenth)= (4, 21)
        ap_score是   0.240
        -----------------------------------
        (roll_win, nms_lenth)= (4, 22)
        ap_score是   0.235
        -----------------------------------
        (roll_win, nms_lenth)= (4, 23)
        ap_score是   0.224
        -----------------------------------
        (roll_win, nms_lenth)= (4, 24)
        ap_score是   0.222
        -----------------------------------
        (roll_win, nms_lenth)= (4, 25)
        ap_score是   0.220
        -----------------------------------
        (roll_win, nms_lenth)= (4, 26)
        ap_score是   0.218
        -----------------------------------
        (roll_win, nms_lenth)= (4, 27)
        ap_score是   0.215
        -----------------------------------
        (roll_win, nms_lenth)= (4, 28)
        ap_score是   0.211
        -----------------------------------
        (roll_win, nms_lenth)= (4, 29)
        ap_score是   0.207
        -----------------------------------
        (roll_win, nms_lenth)= (5, 0)
        ap_score是   0.066
        -----------------------------------
        (roll_win, nms_lenth)= (5, 1)
        ap_score是   0.114
        -----------------------------------
        (roll_win, nms_lenth)= (5, 2)
        ap_score是   0.152
        -----------------------------------
        (roll_win, nms_lenth)= (5, 3)
        ap_score是   0.175
        -----------------------------------
        (roll_win, nms_lenth)= (5, 4)
        ap_score是   0.200
        -----------------------------------
        (roll_win, nms_lenth)= (5, 5)
        ap_score是   0.213
        -----------------------------------
        (roll_win, nms_lenth)= (5, 6)
        ap_score是   0.224
        -----------------------------------
        (roll_win, nms_lenth)= (5, 7)
        ap_score是   0.232
        -----------------------------------
        (roll_win, nms_lenth)= (5, 8)
        ap_score是   0.236
        -----------------------------------
        (roll_win, nms_lenth)= (5, 9)
        ap_score是   0.238
        -----------------------------------
        (roll_win, nms_lenth)= (5, 10)
        ap_score是   0.241
        -----------------------------------
        (roll_win, nms_lenth)= (5, 11)
        ap_score是   0.242
        -----------------------------------
        (roll_win, nms_lenth)= (5, 12)
        ap_score是   0.245
        -----------------------------------
        (roll_win, nms_lenth)= (5, 13)
        ap_score是   0.249
        -----------------------------------
        (roll_win, nms_lenth)= (5, 14)
        ap_score是   0.253
        -----------------------------------
        (roll_win, nms_lenth)= (5, 15)
        ap_score是   0.253
        -----------------------------------
        (roll_win, nms_lenth)= (5, 16)
        ap_score是   0.254
        -----------------------------------
        (roll_win, nms_lenth)= (5, 17)
        ap_score是   0.249
        -----------------------------------
        (roll_win, nms_lenth)= (5, 18)
        ap_score是   0.248
        -----------------------------------
        (roll_win, nms_lenth)= (5, 19)
        ap_score是   0.244
        -----------------------------------
        (roll_win, nms_lenth)= (5, 20)
        ap_score是   0.245
        -----------------------------------
        (roll_win, nms_lenth)= (5, 21)
        ap_score是   0.235
        -----------------------------------
        (roll_win, nms_lenth)= (5, 22)
        ap_score是   0.233
        -----------------------------------
        (roll_win, nms_lenth)= (5, 23)
        ap_score是   0.234
        -----------------------------------
        (roll_win, nms_lenth)= (5, 24)
        ap_score是   0.219
        -----------------------------------
        (roll_win, nms_lenth)= (5, 25)
        ap_score是   0.217
        -----------------------------------
        (roll_win, nms_lenth)= (5, 26)
        ap_score是   0.216
        -----------------------------------
        (roll_win, nms_lenth)= (5, 27)
        ap_score是   0.214
        -----------------------------------
        (roll_win, nms_lenth)= (5, 28)
        ap_score是   0.210
        -----------------------------------
        (roll_win, nms_lenth)= (5, 29)
        ap_score是   0.208
        -----------------------------------
        (roll_win, nms_lenth)= (6, 0)
        ap_score是   0.062
        -----------------------------------
        (roll_win, nms_lenth)= (6, 1)
        ap_score是   0.100
        -----------------------------------
        (roll_win, nms_lenth)= (6, 2)
        ap_score是   0.136
        -----------------------------------
        (roll_win, nms_lenth)= (6, 3)
        ap_score是   0.165
        -----------------------------------
        (roll_win, nms_lenth)= (6, 4)
        ap_score是   0.188
        -----------------------------------
        (roll_win, nms_lenth)= (6, 5)
        ap_score是   0.205
        -----------------------------------
        (roll_win, nms_lenth)= (6, 6)
        ap_score是   0.217
        -----------------------------------
        (roll_win, nms_lenth)= (6, 7)
        ap_score是   0.225
        -----------------------------------
        (roll_win, nms_lenth)= (6, 8)
        ap_score是   0.229
        -----------------------------------
        (roll_win, nms_lenth)= (6, 9)
        ap_score是   0.233
        -----------------------------------
        (roll_win, nms_lenth)= (6, 10)
        ap_score是   0.237
        -----------------------------------
        (roll_win, nms_lenth)= (6, 11)
        ap_score是   0.241
        -----------------------------------
        (roll_win, nms_lenth)= (6, 12)
        ap_score是   0.244
        -----------------------------------
        (roll_win, nms_lenth)= (6, 13)
        ap_score是   0.249
        -----------------------------------
        (roll_win, nms_lenth)= (6, 14)
        ap_score是   0.247
        -----------------------------------
        (roll_win, nms_lenth)= (6, 15)
        ap_score是   0.248
        -----------------------------------
        (roll_win, nms_lenth)= (6, 16)
        ap_score是   0.246
        -----------------------------------
        (roll_win, nms_lenth)= (6, 17)
        ap_score是   0.246
        -----------------------------------
        (roll_win, nms_lenth)= (6, 18)
        ap_score是   0.241
        -----------------------------------
        (roll_win, nms_lenth)= (6, 19)
        ap_score是   0.240
        -----------------------------------
        (roll_win, nms_lenth)= (6, 20)
        ap_score是   0.239
        -----------------------------------
        (roll_win, nms_lenth)= (6, 21)
        ap_score是   0.226
        -----------------------------------
        (roll_win, nms_lenth)= (6, 22)
        ap_score是   0.226
        -----------------------------------
        (roll_win, nms_lenth)= (6, 23)
        ap_score是   0.226
        -----------------------------------
        (roll_win, nms_lenth)= (6, 24)
        ap_score是   0.215
        -----------------------------------
        (roll_win, nms_lenth)= (6, 25)
        ap_score是   0.214
        -----------------------------------
        (roll_win, nms_lenth)= (6, 26)
        ap_score是   0.211
        -----------------------------------
        (roll_win, nms_lenth)= (6, 27)
        ap_score是   0.207
        -----------------------------------
        (roll_win, nms_lenth)= (6, 28)
        ap_score是   0.202
        -----------------------------------
        (roll_win, nms_lenth)= (6, 29)
        ap_score是   0.199
        -----------------------------------
        (roll_win, nms_lenth)= (7, 0)
        ap_score是   0.050
        -----------------------------------


